<?xml version="1.0" encoding="UTF-8"?>
<!-- Generated by org.testng.reporters.JUnitXMLReporter -->
<testsuite hostname="Nilvandro-PC" ignored="0" name="Default test" tests="2" failures="0" timestamp="2019-10-03T10:45:09 CAT" time="0.873" errors="0">
  <testcase name="saveMessage" time="0.544" classname="mz.co.muianga.beginning.hibernate5.PersistenceTest"/>
  <testcase name="readMessage" time="0.292" classname="mz.co.muianga.beginning.hibernate5.PersistenceTest"/>
</testsuite> <!-- Default test -->
